<?xml version="1.0" encoding="UTF-8"?>
<!-- Generated by org.testng.reporters.JUnitReportReporter -->
<testsuite hostname="Furkans-MacBook-Pro.local" failures="0" tests="1" name="tests.FramesDemo" time="2.390" errors="0" timestamp="24 Oct 2020 20:53:46 GMT" skipped="0">
  <testcase classname="tests.FramesDemo" name="TestFrame" time="2.390"/>
</testsuite> <!-- tests.FramesDemo -->
